<?xml version="1.0" encoding="utf-8"?><testsuites name="pytest tests"><testsuite name="pytest" errors="0" failures="0" skipped="0" tests="17" time="2.829" timestamp="2026-05-18T21:14:42.584921+00:00" hostname="agent-env-8a6b3f69-52c3-4815-adc6-e331055688c4"><testcase classname="backend.tests.test_quant_api.TestHealth" name="test_health_200" time="0.273" /><testcase classname="backend.tests.test_quant_api.TestMarketData" name="test_swda_regression" time="0.606" /><testcase classname="backend.tests.test_quant_api.TestMarketData" name="test_btc_regression" time="0.142" /><testcase classname="backend.tests.test_quant_api.TestMarketData" name="test_forex_eurusd" time="0.126" /><testcase classname="backend.tests.test_quant_api.TestMarketData" name="test_stocks_aapl" time="0.253" /><testcase classname="backend.tests.test_quant_api.TestMarketData" name="test_invalid_ticker_404" time="0.723" /><testcase classname="backend.tests.test_quant_api.TestWatchlist" name="test_initial_empty" time="0.027" /><testcase classname="backend.tests.test_quant_api.TestWatchlist" name="test_add_ticker" time="0.086" /><testcase classname="backend.tests.test_quant_api.TestWatchlist" name="test_add_duplicate_returns_409" time="0.023" /><testcase classname="backend.tests.test_quant_api.TestWatchlist" name="test_add_invalid_format_returns_400" time="0.063" /><testcase classname="backend.tests.test_quant_api.TestWatchlist" name="test_add_special_chars_forex" time="0.065" /><testcase classname="backend.tests.test_quant_api.TestWatchlist" name="test_remove_ticker" time="0.046" /><testcase classname="backend.tests.test_quant_api.TestWatchlist" name="test_remove_nonexistent_returns_404" time="0.022" /><testcase classname="backend.tests.test_quant_api.TestWatchlist" name="test_cleanup_remove_remaining" time="0.064" /><testcase classname="backend.tests.test_quant_api.TestBrokerKeys" name="test_initial_not_configured" time="0.025" /><testcase classname="backend.tests.test_quant_api.TestBrokerKeys" name="test_save_and_mask" time="0.131" /><testcase classname="backend.tests.test_quant_api.TestBrokerKeys" name="test_delete_clears" time="0.092" /></testsuite></testsuites>